ls -la
clear
ls -lah
clear
ls -la
ls -lah
ls -lah clear
ls -la
clear
noneofetch
noneofetchclear
clear
neofetch
clear
ls -la
clear
ls -la
clear
clear
ls -la
clear
ls -la
ls -lah
clear
clear
clear[A
clear
ls -laping 8.8.8.8
ls -laping 8.8.8.8clear
clear
ping 8.8.8.8
clear
ls -la
ls -la
clear
exit
ls -la
re
exit
ls -la
clear
ls -la
exit'
exit
ls -la
cleare
exit
ls -la
clear
exit
ls -la
ls -la
clear
exit
ls -la
clear
ls -la
clear
clear
neofetch
clear
exit
ls -la
exit
ls -la
clear
ls -la
clear
exit
neofetch
ls -la
ping 8.8.8.8
clear
ls -la
clear
exit
ls -la
clear
exit
clear
ls -la
clear
exit
clear
ls -la
clear
exit
clear
ls -la
clear
exit
clear
ls -la
clear
exit
ls -la
clear
exitclear
clear
clear
clear
clear
